#-----------------------------------------------------------
# Vivado v2020.2 (64-bit)
# SW Build 3064766 on Wed Nov 18 09:12:45 MST 2020
# IP Build 3064653 on Wed Nov 18 14:17:31 MST 2020
# Start of session at: Tue May  4 19:19:24 2021
# Process ID: 14748
# Current directory: D:/DE1_projekt/Parking_sensor
# Command line: vivado.exe -gui_launcher_event rodinguilauncherevent15960 D:\DE1_projekt\Parking_sensor\Parking_sensor.xpr
# Log file: D:/DE1_projekt/Parking_sensor/vivado.log
# Journal file: D:/DE1_projekt/Parking_sensor\vivado.jou
#-----------------------------------------------------------
start_gui
open_project D:/DE1_projekt/Parking_sensor/Parking_sensor.xpr
INFO: [Project 1-313] Project file moved from 'D:/Users/vitja/Documents/GitHub/DE1_projekt/Parking_sensor' since last save.
WARNING: [filemgmt 56-2] Board Part Repository Path: Could not find the directory 'D:/../../../../../vitja/AppData/Roaming/Xilinx/Vivado/2020.2/xhub/board_store/xilinx_board_store', nor could it be found using path 'D:/../vitja/AppData/Roaming/Xilinx/Vivado/2020.2/xhub/board_store/xilinx_board_store'.
WARNING: [filemgmt 56-2] Default IP Output Path : Could not find the directory 'D:/DE1_projekt/Parking_sensor/Parking_sensor.gen/sources_1', nor could it be found using path 'D:/Users/vitja/Documents/GitHub/DE1_projekt/Parking_sensor/Parking_sensor.gen/sources_1'.
Scanning sources...
Finished scanning sources
INFO: [IP_Flow 19-234] Refreshing IP repositories
INFO: [IP_Flow 19-1704] No user IP repositories specified
INFO: [IP_Flow 19-2313] Loaded Vivado IP repository 'D:/downland_vivado/Vivado/2020.2/data/ip'.
open_project: Time (s): cpu = 00:00:13 ; elapsed = 00:00:05 . Memory (MB): peak = 1019.641 ; gain = 0.000
launch_simulation
Command: launch_simulation 
INFO: [Vivado 12-5682] Launching behavioral simulation in 'D:/DE1_projekt/Parking_sensor/Parking_sensor.sim/sim_1/behav/xsim'
INFO: [SIM-utils-51] Simulation object is 'sim_1'
INFO: [SIM-utils-54] Inspecting design source files for 'tb_sensor' in fileset 'sim_1'...
INFO: [USF-XSim-97] Finding global include files...
INFO: [USF-XSim-100] Fetching design files from 'sources_1'...(this may take a while)...
INFO: [USF-XSim-101] Fetching design files from 'sim_1'...
INFO: [USF-XSim-2] XSim::Compile design
INFO: [USF-XSim-61] Executing 'COMPILE and ANALYZE' step in 'D:/DE1_projekt/Parking_sensor/Parking_sensor.sim/sim_1/behav/xsim'
"xvhdl --incr --relax -prj tb_sensor_vhdl.prj"
INFO: [VRFC 10-163] Analyzing VHDL file "D:/DE1_projekt/Parking_sensor/Parking_sensor.srcs/sources_1/new/sensor.vhd" into library xil_defaultlib
INFO: [VRFC 10-3107] analyzing entity 'sensor'
INFO: [VRFC 10-163] Analyzing VHDL file "D:/DE1_projekt/Parking_sensor/Parking_sensor.srcs/sim_1/new/tb_sensor.vhd" into library xil_defaultlib
INFO: [VRFC 10-3107] analyzing entity 'tb_sensor'
INFO: [USF-XSim-69] 'compile' step finished in '2' seconds
INFO: [USF-XSim-3] XSim::Elaborate design
INFO: [USF-XSim-61] Executing 'ELABORATE' step in 'D:/DE1_projekt/Parking_sensor/Parking_sensor.sim/sim_1/behav/xsim'
"xelab -wto f62276c9e7e3414287226c6ebc66759d --incr --debug typical --relax --mt 2 -L xil_defaultlib -L secureip --snapshot tb_sensor_behav xil_defaultlib.tb_sensor -log elaborate.log"
Vivado Simulator 2020.2
Copyright 1986-1999, 2001-2020 Xilinx, Inc. All Rights Reserved.
Running: D:/downland_vivado/Vivado/2020.2/bin/unwrapped/win64.o/xelab.exe -wto f62276c9e7e3414287226c6ebc66759d --incr --debug typical --relax --mt 2 -L xil_defaultlib -L secureip --snapshot tb_sensor_behav xil_defaultlib.tb_sensor -log elaborate.log 
Using 2 slave threads.
Starting static elaboration
Completed static elaboration
Starting simulation data flow analysis
Completed simulation data flow analysis
Time Resolution for simulation is 1ps
Compiling package std.standard
Compiling package std.textio
Compiling package ieee.std_logic_1164
Compiling package ieee.numeric_std
Compiling architecture behavioral of entity xil_defaultlib.sensor [sensor_default]
Compiling architecture behavioral of entity xil_defaultlib.tb_sensor
Built simulation snapshot tb_sensor_behav
INFO: [USF-XSim-69] 'elaborate' step finished in '2' seconds
INFO: [USF-XSim-4] XSim::Simulate design
INFO: [USF-XSim-61] Executing 'SIMULATE' step in 'D:/DE1_projekt/Parking_sensor/Parking_sensor.sim/sim_1/behav/xsim'
INFO: [USF-XSim-98] *** Running xsim
   with args "tb_sensor_behav -key {Behavioral:sim_1:Functional:tb_sensor} -tclbatch {tb_sensor.tcl} -log {simulate.log}"
INFO: [USF-XSim-8] Loading simulator feature
Vivado Simulator 2020.2
Time resolution is 1 ps
source tb_sensor.tcl
# set curr_wave [current_wave_config]
# if { [string length $curr_wave] == 0 } {
#   if { [llength [get_objects]] > 0} {
#     add_wave /
#     set_property needs_save false [current_wave_config]
#   } else {
#      send_msg_id Add_Wave-1 WARNING "No top level signals found. Simulator will start without a wave window. If you want to open a wave window go to 'File->New Waveform Configuration' or type 'create_wave_config' in the TCL console."
#   }
# }
# run 1000ns
INFO: [USF-XSim-96] XSim completed. Design snapshot 'tb_sensor_behav' loaded.
INFO: [USF-XSim-97] XSim simulation ran for 1000ns
launch_simulation: Time (s): cpu = 00:00:10 ; elapsed = 00:00:08 . Memory (MB): peak = 1019.641 ; gain = 0.000
close_sim
INFO: [Simtcl 6-16] Simulation closed
exit
INFO: [Common 17-206] Exiting Vivado at Tue May  4 19:20:15 2021...
